trid[1001] [5][1001j]
mtalk001 start
qid[0]
type[j] pxid[1]
trid[1002] [34][1002a]
trid[1001] [5][1001q]
mtalk001 start
qid[0]
type[q] pxid[1]
trid[1001] [5][1001j]
mtalk001 start
qid[0]
type[j] pxid[2]
trid[1001] [5][1001j]
mtalk001 start
qid[0]
type[j] pxid[1]
trid[1002] [34][1002a]
trid[1001] [5][1001q]
mtalk001 start
qid[0]
type[q] pxid[1]
trid[1001] [5][1001j]
mtalk001 start
qid[0]
type[j] pxid[2]
trid[1001] [5][1001j]
mtalk001 start
qid[0]
type[j] pxid[1]
trid[1002] [34][1002a]
trid[1001] [5][1001q]
mtalk001 start
qid[0]
type[q] pxid[1]
trid[1001] [5][1001j]
mtalk001 start
qid[0]
type[j] pxid[2]
trid[1002] [34][1002a]
trid[1001] [5][1001j]
mtalk001 start
qid[0]
type[j] pxid[1]
trid[1002] [34][1002a]
trid[1001] [5][1001q]
mtalk001 start
qid[0]
type[q] pxid[1]
trid[1001] [5][1001j]
mtalk001 start
qid[0]
type[j] pxid[2]
trid[1001] [5][1001j]
mtalk001 start
qid[0]
type[j] pxid[1]
trid[1002] [34][1002a]
trid[1001] [5][1001q]
mtalk001 start
qid[0]
type[q] pxid[1]
trid[1001] [5][1001j]
mtalk001 start
qid[0]
type[j] pxid[2]
trid[1002] [34][1002a]
trid[1001] [5][1001q]
mtalk001 start
qid[0]
type[q] pxid[2]
trid[1001] [5][1001j]
mtalk001 start
qid[0]
type[j] pxid[3]
trid[1002] [34][1002a]
trid[1002] [34][1002a]
trid[1001] [5][1001q]
mtalk001 start
qid[0]
type[q] pxid[3]
trid[1001] [5][1001j]
mtalk001 start
qid[0]
type[j] pxid[4]
trid[1001] [5][1001j]
mtalk001 start
qid[0]
type[j] pxid[5]
trid[1001] [5][1001j]
mtalk001 start
qid[0]
type[j] pxid[1]
trid[1002] [34][1002a]
trid[1001] [5][1001q]
mtalk001 start
qid[0]
type[q] pxid[1]
trid[1001] [5][1001j]
mtalk001 start
qid[0]
type[j] pxid[2]
trid[1001] [5][1001j]
mtalk001 start
qid[0]
type[j] pxid[1]
trid[1002] [34][1002a]
trid[1001] [5][1001q]
mtalk001 start
qid[0]
type[q] pxid[1]
trid[1001] [5][1001j]
mtalk001 start
qid[0]
type[j] pxid[2]
trid[1001] [5][1001j]
mtalk001 start
qid[0]
type[j] pxid[1]
trid[1002] [34][1002a]
trid[1001] [5][1001q]
mtalk001 start
qid[0]
type[q] pxid[1]
trid[1001] [5][1001j]
mtalk001 start
qid[0]
type[j] pxid[2]
trid[1001] [5][1001j]
mtalk001 start
qid[0]
type[j] pxid[1]
trid[1002] [34][1002a]
trid[1001] [5][1001q]
mtalk001 start
qid[0]
type[q] pxid[1]
trid[1001] [5][1001j]
mtalk001 start
qid[0]
type[j] pxid[2]
trid[1001] [5][1001j]
mtalk001 start
qid[0]
type[j] pxid[1]
trid[1002] [34][1002a]
trid[1001] [5][1001q]
mtalk001 start
qid[0]
type[q] pxid[1]
trid[1001] [5][1001j]
mtalk001 start
qid[0]
type[j] pxid[2]
trid[1001] [5][1001j]
mtalk001 start
qid[0]
type[j] pxid[1]
trid[1002] [34][1002ㄱ]
trid[1001] [5][1001q]
mtalk001 start
qid[0]
type[q] pxid[1]
trid[1001] [5][1001j]
mtalk001 start
qid[0]
type[j] pxid[2]
trid[1001] [5][1001j]
mtalk001 start
qid[0]
type[j] pxid[1]
trid[1002] [34][1002ㄱ]
trid[1001] [5][1001q]
mtalk001 start
qid[0]
type[q] pxid[1]
trid[1001] [5][1001j]
mtalk001 start
qid[0]
type[j] pxid[2]
trid[1001] [5][1001j]
mtalk001 start
qid[0]
type[j] pxid[1]
trid[1002] [34][1002a]
trid[1001] [5][1001q]
mtalk001 start
qid[0]
type[q] pxid[1]
trid[1001] [5][1001j]
mtalk001 start
qid[0]
type[j] pxid[2]
trid[1001] [5][1001q]
mtalk001 start
qid[0]
type[q] pxid[2]
trid[1001] [5][1001j]
mtalk001 start
qid[0]
type[j] pxid[3]
trid[1002] [34][1002a]
trid[1001] [5][1001q]
mtalk001 start
qid[0]
type[q] pxid[3]
trid[1001] [5][1001j]
mtalk001 start
qid[0]
type[j] pxid[4]
trid[1001] [5][1001j]
mtalk001 start
qid[0]
type[j] pxid[1]
trid[1002] [34][1002a]
trid[1001] [5][1001q]
mtalk001 start
qid[0]
type[q] pxid[1]
trid[1001] [5][1001j]
mtalk001 start
qid[0]
type[j] pxid[2]
trid[1001] [5][1001j]
mtalk001 start
qid[0]
type[j] pxid[3]
trid[1002] [34][1002ㅂ]
trid[1001] [5][1001j]
mtalk001 start
qid[0]
type[j] pxid[1]
trid[1001] [5][1001j]
mtalk001 start
qid[0]
type[j] pxid[2]
trid[1002] [40][1002더더]
trid[1002] [37][1002민녕]
trid[1001] [5][1001j]
mtalk001 start
qid[0]
type[j] pxid[3]
trid[1001] [5][1001j]
mtalk001 start
qid[0]
type[j] pxid[4]
trid[1002] [40][1002민녕]
trid[1002] [37][1002더더]
trid[1002] [40][1002더더]
trid[1002] [40][1002더더]
trid[1002] [40][1002민녕]
trid[1001] [5][1001q]
mtalk001 start
qid[0]
type[q] pxid[3]
trid[1001] [5][1001j]
mtalk001 start
qid[0]
type[j] pxid[5]
trid[1002] [34][1002더더]
trid[1002] [37][1002더더]
trid[1001] [5][1001q]
mtalk001 start
qid[0]
type[q] pxid[4]
trid[1001] [5][1001j]
mtalk001 start
qid[0]
type[j] pxid[6]
trid[1002] [34][1002민녕]
trid[1002] [40][1002민녕]
trid[1002] [40][1002더더]
trid[1002] [34][1002더더]
trid[1002] [34][1002더더]
trid[1002] [34][1002더더]
trid[1002] [34][1002더더]
trid[1002] [40][1002더더]
trid[1001] [5][1001q]
mtalk001 start
qid[0]
type[q] pxid[5]
trid[1001] [5][1001j]
mtalk001 start
qid[0]
type[j] pxid[7]
trid[1002] [37][1002더더]
trid[1002] [37][1002민녕]
trid[1001] [5][1001q]
mtalk001 start
qid[0]
type[q] pxid[7]
trid[1001] [5][1001j]
mtalk001 start
qid[0]
type[j] pxid[8]
trid[1001] [5][1001q]
mtalk001 start
qid[0]
type[q] pxid[6]
trid[1001] [5][1001j]
mtalk001 start
qid[0]
type[j] pxid[9]
trid[1001] [5][1001q]
mtalk001 start
qid[0]
type[q] pxid[8]
trid[1001] [5][1001j]
mtalk001 start
qid[0]
type[j] pxid[10]
trid[1001] [5][1001q]
mtalk001 start
qid[0]
type[q] pxid[9]
trid[1002] [40][1002민녕]
trid[1001] [5][1001q]
mtalk001 start
qid[0]
type[q] pxid[10]
trid[1001] [5][1001j]
mtalk001 start
qid[0]
type[j] pxid[11]
trid[1002] [34][1002ㅁ]
trid[1002] [34][1002]
trid[1002] [34][1002]
trid[1001] [5][1001j]
mtalk001 start
qid[0]
type[j] pxid[12]
trid[1001] [5][1001q]
mtalk001 start
qid[0]
type[q] pxid[12]
trid[1001] [5][1001j]
mtalk001 start
qid[0]
type[j] pxid[13]
trid[1002] [37][1002ㄴ]
trid[1001] [5][1001q]
mtalk001 start
qid[0]
type[q] pxid[13]
trid[1001] [5][1001j]
mtalk001 start
qid[0]
type[j] pxid[14]
trid[1002] [37][1002ㄴ]
trid[1002] [37][1002ㄴ]
trid[1001] [5][1001q]
mtalk001 start
qid[0]
type[q] pxid[14]
trid[1001] [5][1001j]
mtalk001 start
qid[0]
type[j] pxid[15]
trid[1002] [37][1002ㄴ]
trid[1001] [5][1001q]
mtalk001 start
qid[0]
type[q] pxid[15]
trid[1001] [5][1001j]
mtalk001 start
qid[0]
type[j] pxid[16]
trid[1002] [37][1002ㄴ]
trid[1002] [37][1002ㄴ]
trid[1001] [5][1001j]
mtalk001 start
qid[0]
type[j] pxid[17]
trid[1001] [5][1001j]
mtalk001 start
qid[0]
type[j] pxid[18]
trid[1002] [40][1002더더]
trid[1002] [37][1002민녕]
trid[1002] [37][1002더더]
trid[1001] [5][1001q]
mtalk001 start
qid[0]
type[q] pxid[18]
trid[1001] [5][1001j]
mtalk001 start
qid[0]
type[j] pxid[19]
trid[1002] [37][1002민녕]
trid[1001] [5][1001q]
mtalk001 start
qid[0]
type[q] pxid[17]
trid[1001] [5][1001j]
mtalk001 start
qid[0]
type[j] pxid[20]
trid[1001] [5][1001q]
mtalk001 start
qid[0]
type[q] pxid[19]
trid[1001] [5][1001j]
mtalk001 start
qid[0]
type[j] pxid[21]
trid[1002] [37][1002더더]
trid[1001] [5][1001q]
mtalk001 start
qid[0]
type[q] pxid[21]
trid[1001] [5][1001j]
mtalk001 start
qid[0]
type[j] pxid[22]
trid[1001] [5][1001q]
mtalk001 start
qid[0]
type[q] pxid[22]
trid[1001] [5][1001j]
mtalk001 start
qid[0]
type[j] pxid[23]
trid[1001] [5][1001q]
mtalk001 start
qid[0]
type[q] pxid[20]
trid[1001] [5][1001j]
mtalk001 start
qid[0]
type[j] pxid[24]
trid[1002] [37][1002민녕]
trid[1001] [5][1001q]
mtalk001 start
qid[0]
type[q] pxid[23]
trid[1001] [5][1001j]
mtalk001 start
qid[0]
type[j] pxid[25]
trid[1001] [5][1001q]
mtalk001 start
qid[0]
type[q] pxid[24]
trid[1001] [5][1001j]
mtalk001 start
qid[0]
type[j] pxid[26]
trid[1002] [37][1002민녕]
trid[1001] [5][1001j]
mtalk001 start
qid[0]
type[j] pxid[27]
trid[1001] [5][1001j]
mtalk001 start
qid[0]
type[j] pxid[28]
trid[1002] [40][1002더더]
trid[1002] [37][1002민녕]
trid[1002] [40][1002민녕]
trid[1001] [5][1001q]
mtalk001 start
qid[0]
type[q] pxid[27]
trid[1002] [40][1002더더]
trid[1002] [40][1002더더]
trid[1001] [5][1001q]
mtalk001 start
qid[0]
type[q] pxid[28]
trid[1001] [5][1001j]
mtalk001 start
qid[0]
type[j] pxid[29]
trid[1001] [5][1001j]
mtalk001 start
qid[0]
type[j] pxid[30]
trid[1002] [40][1002더더]
trid[1002] [40][1002더더]
trid[1001] [5][1001q]
mtalk001 start
qid[0]
type[q] pxid[30]
trid[1001] [5][1001q]
mtalk001 start
qid[0]
type[q] pxid[29]
trid[1001] [5][1001j]
mtalk001 start
qid[0]
type[j] pxid[1]
trid[1001] [5][1001q]
mtalk001 start
qid[0]
type[q] pxid[1]
trid[1001] [5][1001j]
mtalk001 start
qid[0]
type[j] pxid[2]
trid[1001] [5][1001j]
mtalk001 start
qid[0]
type[j] pxid[3]
trid[1001] [5][1001q]
mtalk001 start
qid[0]
type[q] pxid[2]
trid[1001] [5][1001j]
mtalk001 start
qid[0]
type[j] pxid[4]
trid[1001] [5][1001q]
mtalk001 start
qid[0]
type[q] pxid[3]
trid[1001] [5][1001j]
mtalk001 start
qid[0]
type[j] pxid[5]
trid[1001] [5][1001q]
mtalk001 start
qid[0]
type[q] pxid[4]
trid[1001] [5][1001j]
mtalk001 start
qid[0]
type[j] pxid[6]
trid[1002] [40][1002민녕]
trid[1002] [49][1002윤지]
trid[1002] [43][1002민녕]
trid[1002] [52][1002윤지]
trid[1002] [43][1002민녕]
trid[1002] [43][1002민녕]
trid[1002] [43][1002민녕]
trid[1002] [56][1002윤지]
trid[1001] [5][1001q]
mtalk001 start
qid[0]
type[q] pxid[5]
trid[1002] [43][1002윤지]
trid[1001] [5][1001q]
mtalk001 start
qid[0]
type[q] pxid[6]
trid[1001] [5][1001j]
mtalk001 start
qid[0]
type[j] pxid[7]
trid[1001] [5][1001j]
mtalk001 start
qid[0]
type[j] pxid[8]
trid[1002] [40][1002윤지]
trid[1002] [43][1002민녕]
trid[1002] [43][1002윤지]
trid[1002] [56][1002윤지]
trid[1002] [46][1002윤지]
trid[1002] [45][1002민녕]
trid[1002] [50][1002민녕]
trid[1002] [54][1002윤지]
trid[1002] [62][1002윤지]
trid[1002] [50][1002민녕]
trid[1002] [50][1002윤지]
trid[1002] [62][1002윤지]
trid[1002] [50][1002민녕]
trid[1002] [46][1002민녕]
trid[1002] [46][1002윤지]
trid[1002] [66][1002윤지]
trid[1002] [50][1002윤지]
trid[1002] [43][1002민녕]
trid[1002] [50][1002윤지]
trid[1001] [5][1001q]
mtalk001 start
qid[0]
type[q] pxid[7]
trid[1001] [5][1001j]
mtalk001 start
qid[0]
type[j] pxid[9]
trid[1001] [5][1001q]
mtalk001 start
qid[0]
type[q] pxid[8]
trid[1001] [5][1001q]
mtalk001 start
qid[0]
type[q] pxid[9]
trid[1001] [5][1001j]
mtalk001 start
qid[0]
type[j] pxid[10]
trid[1001] [5][1001q]
mtalk001 start
qid[0]
type[q] pxid[10]
trid[1001] [5][1001j]
mtalk001 start
qid[0]
type[j] pxid[11]
trid[1001] [5][1001q]
mtalk001 start
qid[0]
type[q] pxid[11]
trid[1001] [5][1001j]
mtalk001 start
qid[0]
type[j] pxid[12]
trid[1001] [5][1001q]
mtalk001 start
qid[0]
type[q] pxid[12]
trid[1001] [5][1001j]
mtalk001 start
qid[0]
type[j] pxid[13]
trid[1001] [5][1001j]
mtalk001 start
qid[0]
type[j] pxid[14]
trid[1002] [43][1002

오어]
trid[1002] [37][1002민]
trid[1002] [46][1002

오어]
trid[1002] [43][1002

오어]
trid[1002] [37][1002민녕]
trid[1002] [39][1002

오어]
trid[1001] [5][1001q]
mtalk001 start
qid[0]
type[q] pxid[13]
trid[1001] [5][1001q]
mtalk001 start
qid[0]
type[q] pxid[14]
