RECV 2020/04/25 20:32:33 [00034] nick[a][]
RECV 2020/04/25 20:39:42 [00034] nick[a][]
RECV 2020/04/25 20:53:23 [00034] nick[a][]
RECV 2020/04/25 20:53:40 [00034] nick[a][]
RECV 2020/04/25 20:55:13 [00034] nick[a][]
RECV 2020/04/25 21:09:09 [00034] nick[a][]
RECV 2020/04/25 21:10:25 [00034] nick[a][]
RECV 2020/04/25 21:10:31 [00034] nick[a][]
RECV 2020/04/25 21:10:32 [00034] nick[a][]
RECV 2020/04/25 21:16:38 [00034] nick[a][]
RECV 2020/04/25 21:31:17 [00034] nick[a][]
RECV 2020/04/25 21:34:16 [00034] nick[a][]
RECV 2020/04/25 21:36:29 [00034] nick[a][]
RECV 2020/04/25 21:38:12 [00034] nick[a][]
RECV 2020/04/25 21:39:49 [00034] nick[γ„±][]
RECV 2020/04/25 21:46:15 [00034] nick[γ„±][]
RECV 2020/04/25 21:50:37 [00034] nick[a][]
RECV 2020/04/25 21:50:52 [00034] nick[a][]
RECV 2020/04/25 21:52:57 [00034] nick[a][]
RECV 2020/04/25 21:53:31 [00034] nick[γ…‚][]
RECV 2020/04/28 18:34:52 [00040] nick[λ”λ”][ν•μ΄]
SEND 2020/04/28 18:34:52 [00015][λ”λ” : ν•μ΄]
RECV 2020/04/28 18:34:56 [00037] nick[λ―Όλ…•][λ„¤]
SEND 2020/04/28 18:34:56 [00012][λ―Όλ…• : λ„¤]
RECV 2020/04/28 18:39:51 [00040] nick[λ―Όλ…•][ν•μ΄]
SEND 2020/04/28 18:39:51 [00015][λ―Όλ…• : ν•μ΄]
RECV 2020/04/28 18:39:56 [00037] nick[λ”λ”][λ„¤]
SEND 2020/04/28 18:39:56 [00012][λ”λ” : λ„¤]
RECV 2020/04/28 18:39:58 [00040] nick[λ”λ”][γ…‡γ…‡]
SEND 2020/04/28 18:39:58 [00015][λ”λ” : γ…‡γ…‡]
RECV 2020/04/28 18:40:00 [00040] nick[λ”λ”][γ„±γ„±]
SEND 2020/04/28 18:40:00 [00015][λ”λ” : γ„±γ„±]
RECV 2020/04/28 18:40:03 [00040] nick[λ―Όλ…•][γ…γ…]
SEND 2020/04/28 18:40:03 [00015][λ―Όλ…• : γ…γ…]
RECV 2020/04/28 18:40:10 [00034] nick[λ”λ”][]
RECV 2020/04/28 18:40:11 [00037] nick[λ”λ”][γ„·]
RECV 2020/04/28 18:40:20 [00034] nick[λ―Όλ…•][]
SEND 2020/04/28 18:40:20 [00009][λ―Όλ…• : ]
RECV 2020/04/28 18:40:22 [00040] nick[λ―Όλ…•][γ……γ……]
SEND 2020/04/28 18:40:22 [00015][λ―Όλ…• : γ……γ……]
RECV 2020/04/28 18:40:25 [00040] nick[λ”λ”][γ…‡γ…‡]
SEND 2020/04/28 18:40:25 [00015][λ”λ” : γ…‡γ…‡]
RECV 2020/04/28 18:40:26 [00034] nick[λ”λ”][]
SEND 2020/04/28 18:40:26 [00009][λ”λ” : ]
RECV 2020/04/28 18:40:26 [00034] nick[λ”λ”][]
SEND 2020/04/28 18:40:26 [00009][λ”λ” : ]
RECV 2020/04/28 18:40:27 [00034] nick[λ”λ”][]
SEND 2020/04/28 18:40:27 [00009][λ”λ” : ]
RECV 2020/04/28 18:40:28 [00034] nick[λ”λ”][]
SEND 2020/04/28 18:40:28 [00009][λ”λ” : ]
RECV 2020/04/28 18:40:30 [00040] nick[λ”λ”][γ…γ…]
SEND 2020/04/28 18:40:30 [00015][λ”λ” : γ…γ…]
RECV 2020/04/28 18:40:40 [00037] nick[λ”λ”][γ…‡]
RECV 2020/04/28 18:40:43 [00037] nick[λ―Όλ…•][γ„±]
RECV 2020/04/28 18:40:59 [00040] nick[λ―Όλ…•][γ„΄γ„΄]
RECV 2020/04/28 18:44:48 [00034] nick[γ…][]
RECV 2020/04/28 18:44:52 [00034] nick[][]
RECV 2020/04/28 18:44:53 [00034] nick[][]
RECV 2020/04/28 18:47:46 [00037] nick[γ„΄][γ…‡]
RECV 2020/04/28 18:48:09 [00037] nick[γ„΄][γ„·]
RECV 2020/04/28 18:48:12 [00037] nick[γ„΄][γ„±]
RECV 2020/04/28 18:48:17 [00037] nick[γ„΄][γ„Ή]
RECV 2020/04/28 18:48:27 [00037] nick[γ„΄][γ……]
RECV 2020/04/28 18:48:29 [00037] nick[γ„΄][γ„Ή]
RECV 2020/04/28 18:49:26 [00040] nick[λ”λ”][ν•μ΄]
SEND 2020/04/28 18:49:26 [00015][λ”λ” : ν•μ΄]
RECV 2020/04/28 18:49:42 [00037] nick[λ―Όλ…•][γ…]
SEND 2020/04/28 18:49:42 [00012][λ―Όλ…• : γ…]
RECV 2020/04/28 18:49:51 [00037] nick[λ”λ”][λ„¤]
SEND 2020/04/28 18:49:51 [00012][λ”λ” : λ„¤]
RECV 2020/04/28 18:50:02 [00037] nick[λ―Όλ…•][γ…‡]
RECV 2020/04/28 18:50:17 [00037] nick[λ”λ”][γ„·]
RECV 2020/04/28 18:50:29 [00037] nick[λ―Όλ…•][γ…]
RECV 2020/04/28 18:50:34 [00037] nick[λ―Όλ…•][γ…]
SEND 2020/04/28 18:50:34 [00012][λ―Όλ…• : γ…]
RECV 2020/04/28 18:51:16 [00040] nick[λ”λ”][ν•μ΄]
SEND 2020/04/28 18:51:16 [00015][λ”λ” : ν•μ΄]
RECV 2020/04/28 18:51:21 [00037] nick[λ―Όλ…•][λ„¤]
SEND 2020/04/28 18:51:21 [00012][λ―Όλ…• : λ„¤]
RECV 2020/04/28 18:51:24 [00040] nick[λ―Όλ…•][γ…‡γ…‡]
SEND 2020/04/28 18:51:24 [00015][λ―Όλ…• : γ…‡γ…‡]
RECV 2020/04/28 18:51:36 [00040] nick[λ”λ”][γ…‡γ…‡]
RECV 2020/04/28 18:51:38 [00040] nick[λ”λ”][γ…‡γ…‡]
RECV 2020/04/28 18:51:50 [00040] nick[λ”λ”][ν•μ΄]
SEND 2020/04/28 18:51:50 [00015][λ”λ” : ν•μ΄]
RECV 2020/04/28 18:51:55 [00040] nick[λ”λ”][γ…‡γ„Ή]
SEND 2020/04/28 18:51:55 [00015][λ”λ” : γ…‡γ„Ή]
RECV 2020/04/30 15:18:00 [00040] nick[λ―Όλ…•][μ•λ…•]
SEND 2020/04/30 15:18:00 [00015][λ―Όλ…• : μ•λ…•]
RECV 2020/04/30 15:18:03 [00049] nick[μ¤μ§€][μ•λ…•ν•μ„Έμ”]
SEND 2020/04/30 15:18:03 [00024][μ¤μ§€ : μ•λ…•ν•μ„Έμ”]
RECV 2020/04/30 15:18:07 [00043] nick[λ―Όλ…•][γ…γ…γ…]
SEND 2020/04/30 15:18:07 [00018][λ―Όλ…• : γ…γ…γ…]
RECV 2020/04/30 15:18:12 [00052] nick[μ¤μ§€][γ…‹γ…‹γ…‹γ…‹γ…‹γ…‹]
SEND 2020/04/30 15:18:12 [00027][μ¤μ§€ : γ…‹γ…‹γ…‹γ…‹γ…‹γ…‹]
RECV 2020/04/30 15:18:17 [00043] nick[λ―Όλ…•][κµ°κµ¬λ‚΄]
SEND 2020/04/30 15:18:17 [00018][λ―Όλ…• : κµ°κµ¬λ‚΄]
RECV 2020/04/30 15:18:19 [00043] nick[λ―Όλ…•][κµ°κµ¬λ‚΄]
SEND 2020/04/30 15:18:19 [00018][λ―Όλ…• : κµ°κµ¬λ‚΄]
RECV 2020/04/30 15:18:22 [00043] nick[λ―Όλ…•][κµ°κµ¬λ‚΄]
SEND 2020/04/30 15:18:22 [00018][λ―Όλ…• : κµ°κµ¬λ‚΄]
RECV 2020/04/30 15:18:30 [00056] nick[μ¤μ§€][μ¤λμ–΄λ–¤ μ΄μ•ΌκΈ°]
SEND 2020/04/30 15:18:30 [00031][μ¤μ§€ : μ¤λμ–΄λ–¤ μ΄μ•ΌκΈ°]
RECV 2020/04/30 15:18:34 [00043] nick[μ¤μ§€][γ…γ…γ…]
RECV 2020/04/30 15:19:02 [00040] nick[μ¤μ§€][ν•μ΄]
SEND 2020/04/30 15:19:02 [00015][μ¤μ§€ : ν•μ΄]
RECV 2020/04/30 15:19:04 [00043] nick[λ―Όλ…•][γ…γ…γ…]
SEND 2020/04/30 15:19:04 [00018][λ―Όλ…• : γ…γ…γ…]
RECV 2020/04/30 15:19:05 [00043] nick[μ¤μ§€][μ΅Έλ ¤μ”]
SEND 2020/04/30 15:19:05 [00018][μ¤μ§€ : μ΅Έλ ¤μ”]
RECV 2020/04/30 15:19:11 [00056] nick[μ¤μ§€][λ°°λ¶€λ¥΄λ‹ μ΅Έλ ¤μ”]
SEND 2020/04/30 15:19:11 [00031][μ¤μ§€ : λ°°λ¶€λ¥΄λ‹ μ΅Έλ ¤μ”]
RECV 2020/04/30 15:19:15 [00046] nick[μ¤μ§€][μ— ν†΅μ— ν†΅]
SEND 2020/04/30 15:19:15 [00021][μ¤μ§€ : μ— ν†΅μ— ν†΅]
RECV 2020/04/30 15:19:24 [00045] nick[λ―Όλ…•][μ¤λμ—~~]
SEND 2020/04/30 15:19:24 [00020][λ―Όλ…• : μ¤λμ—~~]
RECV 2020/04/30 15:19:32 [00050] nick[λ―Όλ…•][π€π€π€π€]
SEND 2020/04/30 15:19:32 [00025][λ―Όλ…• : π€π€π€π€]
RECV 2020/04/30 15:19:58 [00054] nick[μ¤μ§€][πππππ]
SEND 2020/04/30 15:19:58 [00029][μ¤μ§€ : πππππ]
RECV 2020/04/30 15:20:02 [00062] nick[μ¤μ§€][π€π€π€π€π€π€π€]
SEND 2020/04/30 15:20:02 [00037][μ¤μ§€ : π€π€π€π€π€π€π€]
RECV 2020/04/30 15:20:05 [00050] nick[λ―Όλ…•][π¤‘π¤‘π¤‘π¤‘]
SEND 2020/04/30 15:20:05 [00025][λ―Όλ…• : π¤‘π¤‘π¤‘π¤‘]
RECV 2020/04/30 15:20:05 [00050] nick[μ¤μ§€][πƒπƒπ‚π‚]
SEND 2020/04/30 15:20:05 [00025][μ¤μ§€ : πƒπƒπ‚π‚]
RECV 2020/04/30 15:20:13 [00062] nick[μ¤μ§€][π†π†π†π‡π‡π‡π‡]
SEND 2020/04/30 15:20:13 [00037][μ¤μ§€ : π†π†π†π‡π‡π‡π‡]
RECV 2020/04/30 15:20:14 [00050] nick[λ―Όλ…•][πƒπƒπƒπƒ]
SEND 2020/04/30 15:20:14 [00025][λ―Όλ…• : πƒπƒπƒπƒ]
RECV 2020/04/30 15:20:18 [00046] nick[λ―Όλ…•][π†π†π†]
SEND 2020/04/30 15:20:18 [00021][λ―Όλ…• : π†π†π†]
RECV 2020/04/30 15:20:23 [00046] nick[μ¤μ§€][π—π—π—]
SEND 2020/04/30 15:20:23 [00021][μ¤μ§€ : π—π—π—]
RECV 2020/04/30 15:20:30 [00066] nick[μ¤μ§€][ππππππππ]
SEND 2020/04/30 15:20:30 [00041][μ¤μ§€ : ππππππππ]
RECV 2020/04/30 15:20:41 [00050] nick[μ¤μ§€][π’π’π’π’]
SEND 2020/04/30 15:20:41 [00025][μ¤μ§€ : π’π’π’π’]
RECV 2020/04/30 15:20:42 [00043] nick[λ―Όλ…•][μ¤λ―μ—]
SEND 2020/04/30 15:20:42 [00018][λ―Όλ…• : μ¤λ―μ—]
RECV 2020/04/30 15:20:47 [00050] nick[μ¤μ§€][π…π…π…π…]
SEND 2020/04/30 15:20:47 [00025][μ¤μ§€ : π…π…π…π…]
RECV 2020/04/30 15:21:42 [00043] nick[

μ¤μ–΄][γ…γ…γ…]
SEND 2020/04/30 15:21:42 [00020][

μ¤μ–΄ : γ…γ…γ…]
RECV 2020/04/30 15:21:46 [00037] nick[λ―Ό][ν—]
SEND 2020/04/30 15:21:46 [00009][λ―Ό : ν—]
RECV 2020/04/30 15:21:46 [00046] nick[

μ¤μ–΄][γ…“γ…“γ…“γ…“]
SEND 2020/04/30 15:21:46 [00023][

μ¤μ–΄ : γ…“γ…“γ…“γ…“]
RECV 2020/04/30 15:21:49 [00043] nick[

μ¤μ–΄][γ…›γ…›γ…›]
SEND 2020/04/30 15:21:49 [00020][

μ¤μ–΄ : γ…›γ…›γ…›]
RECV 2020/04/30 15:22:00 [00037] nick[λ―Όλ…•][ν•]
SEND 2020/04/30 15:22:00 [00012][λ―Όλ…• : ν•]
RECV 2020/04/30 15:22:20 [00039] nick[

μ¤μ–΄][mtalk]
SEND 2020/04/30 15:22:20 [00016][

μ¤μ–΄ : mtalk]
